{
  "RSpec": {
    "coverage": {
      "/Users/meganmcmahon/turing/staff/1903M2/set_list/config/environment.rb": [
        null,
        1,
        null,
        null,
        1
      ],
      "/Users/meganmcmahon/turing/staff/1903M2/set_list/config/application.rb": [
        1,
        null,
        1,
        null,
        1,
        1,
        1,
        1,
        1,
        1,
        1,
        1,
        null,
        null,
        null,
        null,
        1,
        null,
        1,
        1,
        null,
        1,
        null,
        null,
        null,
        null,
        null,
        null,
        1,
        null,
        null
      ],
      "/Users/meganmcmahon/turing/staff/1903M2/set_list/config/boot.rb": [
        1,
        null,
        1
      ],
      "/Users/meganmcmahon/turing/staff/1903M2/set_list/config/environments/test.rb": [
        1,
        null,
        null,
        null,
        null,
        null,
        null,
        1,
        null,
        null,
        null,
        null,
        1,
        null,
        null,
        1,
        1,
        null,
        null,
        null,
        null,
        1,
        1,
        null,
        null,
        1,
        null,
        null,
        1,
        1,
        null,
        null,
        null,
        null,
        1,
        null,
        null,
        1,
        null,
        null,
        null,
        null
      ],
      "/Users/meganmcmahon/turing/staff/1903M2/set_list/config/initializers/application_controller_renderer.rb": [
        null,
        null,
        null,
        null,
        null,
        null,
        null,
        null
      ],
      "/Users/meganmcmahon/turing/staff/1903M2/set_list/config/initializers/assets.rb": [
        null,
        null,
        null,
        1,
        null,
        null,
        null,
        null,
        1,
        null,
        null,
        null,
        null,
        null
      ],
      "/Users/meganmcmahon/turing/staff/1903M2/set_list/config/initializers/backtrace_silencers.rb": [
        null,
        null,
        null,
        null,
        null,
        null,
        null
      ],
      "/Users/meganmcmahon/turing/staff/1903M2/set_list/config/initializers/cookies_serializer.rb": [
        null,
        null,
        null,
        null,
        1
      ],
      "/Users/meganmcmahon/turing/staff/1903M2/set_list/config/initializers/filter_parameter_logging.rb": [
        null,
        null,
        null,
        1
      ],
      "/Users/meganmcmahon/turing/staff/1903M2/set_list/config/initializers/inflections.rb": [
        null,
        null,
        null,
        null,
        null,
        null,
        null,
        null,
        null,
        null,
        null,
        null,
        null,
        null,
        null,
        null
      ],
      "/Users/meganmcmahon/turing/staff/1903M2/set_list/config/initializers/mime_types.rb": [
        null,
        null,
        null,
        null
      ],
      "/Users/meganmcmahon/turing/staff/1903M2/set_list/config/initializers/wrap_parameters.rb": [
        null,
        null,
        null,
        null,
        null,
        null,
        1,
        2,
        null,
        null,
        null,
        null,
        null,
        null
      ],
      "/Users/meganmcmahon/turing/staff/1903M2/set_list/config/routes.rb": [
        1,
        null,
        null,
        1,
        null
      ],
      "/Users/meganmcmahon/turing/staff/1903M2/set_list/app/helpers/application_helper.rb": [
        1,
        null
      ],
      "/Users/meganmcmahon/turing/staff/1903M2/set_list/spec/models/artist_spec.rb": [
        1,
        null,
        1,
        1,
        2,
        null,
        null,
        1,
        2,
        null,
        null,
        1,
        1,
        1,
        1,
        1,
        null,
        1,
        null,
        null,
        null
      ],
      "/Users/meganmcmahon/turing/staff/1903M2/set_list/app/models/artist.rb": [
        1,
        1,
        null,
        1,
        null,
        1,
        1,
        null,
        null
      ],
      "/Users/meganmcmahon/turing/staff/1903M2/set_list/app/models/application_record.rb": [
        1,
        1,
        null
      ],
      "/Users/meganmcmahon/turing/staff/1903M2/set_list/spec/models/song_spec.rb": [
        1,
        null,
        1,
        1,
        2,
        null,
        null,
        1,
        1,
        1,
        1,
        1,
        1,
        null,
        1,
        null,
        null,
        null
      ],
      "/Users/meganmcmahon/turing/staff/1903M2/set_list/app/models/song.rb": [
        1,
        1,
        null,
        1,
        1,
        null,
        null
      ],
      "/Users/meganmcmahon/turing/staff/1903M2/set_list/app/controllers/songs_controller.rb": [
        1,
        1,
        1,
        null,
        null
      ],
      "/Users/meganmcmahon/turing/staff/1903M2/set_list/app/controllers/application_controller.rb": [
        1,
        1,
        null
      ]
    },
    "timestamp": 1556732806
  }
}
